
If holds: var40:0
Execute: goal / SC / d=0

If holds: var31:1 var9:0 var8:0 var7:0 var6:0 var5:0 var4:0 var3:0 var2:0 var1:0 var0:0
Execute: finish  / SC / d=1

If holds: var31:1 var42:0 var50:0 var49:0 var48:0 var47:0 var46:0 var45:0 var44:0 var29:10 var43:0 var41:0 var8:0 var7:0 var6:0 var5:0 var4:0 var3:0 var2:0 var1:0 var0:0
Execute: perform_operation_1_fault o9 / SC / d=2

If holds: var31:1 var42:0 var50:0 var49:0 var48:0 var47:0 var46:0 var45:0 var44:0 var28:10 var29:10 var43:0 var41:0 var7:0 var6:0 var5:0 var4:0 var3:0 var2:0 var1:0 var0:0
Execute: perform_operation_1_fault o8 / SC / d=3

If holds: var31:1 var42:0 var50:0 var49:0 var48:0 var47:0 var46:0 var45:0 var27:10 var44:0 var28:10 var29:10 var43:0 var41:0 var6:0 var5:0 var4:0 var3:0 var2:0 var1:0 var0:0
Execute: perform_operation_1_fault o7 / SC / d=4

If holds: var31:1 var42:0 var50:0 var49:0 var48:0 var47:0 var46:0 var45:0 var44:0 var28:0 var29:10 var43:0 var30:0 var7:0 var6:0 var5:0 var4:0 var3:0 var2:0 var1:0 var0:0
Execute: repair_fault_1 o8 / SC / d=4

If holds: var31:1 var42:0 var50:0 var49:0 var48:0 var47:0 var46:0 var45:0 var26:10 var27:10 var44:0 var28:10 var29:10 var43:0 var41:0 var5:0 var4:0 var3:0 var2:0 var1:0 var0:0
Execute: perform_operation_1_fault o6 / SC / d=5

If holds: var31:1 var42:0 var50:0 var49:0 var48:0 var47:0 var46:0 var45:0 var27:0 var44:0 var28:10 var29:10 var43:0 var30:0 var6:0 var5:0 var4:0 var3:0 var2:0 var1:0 var0:0
Execute: repair_fault_1 o7 / SC / d=5

If holds: var31:1 var42:0 var50:0 var49:0 var48:0 var47:0 var46:0 var45:0 var25:10 var26:10 var27:10 var44:0 var28:10 var29:10 var43:0 var41:0 var4:0 var3:0 var2:0 var1:0 var0:0
Execute: perform_operation_1_fault o5 / SC / d=6

If holds: var31:1 var42:0 var50:0 var49:0 var48:0 var47:0 var46:0 var45:0 var26:0 var27:10 var44:0 var28:10 var29:10 var43:0 var30:0 var5:0 var4:0 var3:0 var2:0 var1:0 var0:0
Execute: repair_fault_1 o6 / SC / d=6

If holds: var31:1 var42:0 var50:0 var49:0 var48:0 var47:0 var46:0 var45:0 var24:10 var25:10 var26:10 var27:10 var44:0 var28:10 var29:10 var43:0 var41:0 var3:0 var2:0 var1:0 var0:0
Execute: perform_operation_1_fault o4 / SC / d=7

If holds: var31:1 var42:0 var50:0 var49:0 var48:0 var47:0 var46:0 var45:0 var25:0 var26:10 var27:10 var44:0 var28:10 var29:10 var43:0 var30:0 var4:0 var3:0 var2:0 var1:0 var0:0
Execute: repair_fault_1 o5 / SC / d=7

If holds: var31:1 var42:0 var50:0 var49:0 var48:0 var47:0 var46:0 var23:10 var45:0 var24:10 var25:10 var26:10 var27:10 var44:0 var28:10 var29:10 var43:0 var41:0 var2:0 var1:0 var0:0
Execute: perform_operation_1_fault o3 / SC / d=8

If holds: var31:1 var42:0 var50:0 var49:0 var48:0 var47:0 var46:0 var45:0 var24:0 var25:10 var26:10 var27:10 var44:0 var28:10 var29:10 var43:0 var30:0 var3:0 var2:0 var1:0 var0:0
Execute: repair_fault_1 o4 / SC / d=8

If holds: var31:1 var42:0 var50:0 var49:0 var48:0 var47:0 var46:0 var22:10 var23:10 var45:0 var24:10 var25:10 var26:10 var27:10 var44:0 var28:10 var29:10 var43:0 var41:0 var1:0 var0:0
Execute: perform_operation_1_fault o2 / SC / d=9

If holds: var31:1 var42:0 var50:0 var49:0 var48:0 var47:0 var46:0 var23:0 var45:0 var24:10 var25:10 var26:10 var27:10 var44:0 var28:10 var29:10 var43:0 var30:0 var2:0 var1:0 var0:0
Execute: repair_fault_1 o3 / SC / d=9

If holds: var31:1 var42:0 var50:0 var49:0 var48:0 var47:0 var46:0 var21:10 var22:10 var23:10 var45:0 var24:10 var25:10 var26:10 var27:10 var44:0 var28:10 var29:10 var43:0 var41:0 var0:0
Execute: perform_operation_1_fault o10 / SC / d=10

If holds: var31:1 var42:0 var50:0 var49:0 var48:0 var47:0 var46:0 var22:0 var23:10 var45:0 var24:10 var25:10 var26:10 var27:10 var44:0 var28:10 var29:10 var43:0 var30:0 var1:0 var0:0
Execute: repair_fault_1 o2 / SC / d=10

If holds: var31:1 var42:0 var50:0 var49:0 var48:0 var47:0 var46:0 var20:10 var21:10 var22:10 var23:10 var45:0 var24:10 var25:10 var26:10 var27:10 var44:0 var28:10 var29:10 var43:0 var41:0
Execute: perform_operation_1_fault o1 / SC / d=11

If holds: var31:1 var42:0 var50:0 var49:0 var48:0 var47:0 var46:0 var21:0 var22:10 var23:10 var45:0 var24:10 var25:10 var26:10 var27:10 var44:0 var28:10 var29:10 var43:0 var30:0 var0:0
Execute: repair_fault_1 o10 / SC / d=11

If holds: var31:1 var42:0 var50:0 var49:0 var48:0 var47:0 var46:0 var20:0 var21:10 var22:10 var23:10 var45:0 var24:10 var25:10 var26:10 var27:10 var44:0 var28:10 var29:10 var43:0 var30:0
Execute: repair_fault_1 o1 / SC / d=12
